\BOOKMARK [1][-]{section*.1}{\376\377\000A\000r\000q\000u\000i\000t\000e\000c\000t\000u\000r\000a\000\040\000y\000\040\000O\000r\000g\000a\000n\000i\000z\000a\000c\000i\000\363\000n\000\040\000d\000e\000\040\000C\000o\000m\000p\000u\000t\000a\000d\000o\000r\000a\000s}{}% 1
\BOOKMARK [2][-]{section*.2}{\376\377\000C\000o\000m\000p\000o\000n\000e\000n\000t\000e\000s\000\040\000d\000e\000\040\000u\000n\000a\000\040\000c\000o\000m\000p\000u\000t\000a\000d\000o\000r\000a\000\040\000s\000i\000m\000p\000l\000e}{section*.1}% 2
\BOOKMARK [3][-]{section*.3}{\376\377\000M\000e\000m\000o\000r\000i\000a}{section*.2}% 3
\BOOKMARK [3][-]{section*.4}{\376\377\000C\000P\000U}{section*.2}% 4
\BOOKMARK [2][-]{section*.5}{\376\377\000A\000r\000q\000u\000i\000t\000e\000c\000t\000u\000r\000a\000\040\000d\000e\000\040\000V\000o\000n\000\040\000N\000e\000u\000m\000a\000n\000n}{section*.1}% 5
\BOOKMARK [3][-]{section*.6}{\376\377\000M\000\341\000q\000u\000i\000n\000a\000\040\000d\000e\000\040\000p\000r\000o\000g\000r\000a\000m\000a\000\040\000a\000l\000m\000a\000c\000e\000n\000a\000d\000o}{section*.5}% 6
\BOOKMARK [3][-]{section*.7}{\376\377\000C\000P\000U\000\040\000y\000\040\000M\000e\000m\000o\000r\000i\000a}{section*.5}% 7
\BOOKMARK [3][-]{section*.8}{\376\377\000B\000u\000s\000e\000s}{section*.5}% 8
\BOOKMARK [2][-]{section*.9}{\376\377\000M\000o\000d\000e\000l\000o\000\040\000C\000o\000m\000p\000u\000t\000a\000c\000i\000o\000n\000a\000l\000\040\000B\000i\000n\000a\000r\000i\000o\000\040\000E\000l\000e\000m\000e\000n\000t\000a\000l}{section*.1}% 9
\BOOKMARK [3][-]{section*.10}{\376\377\000E\000s\000q\000u\000e\000m\000a\000\040\000d\000e\000l\000\040\000M\000C\000B\000E}{section*.9}% 10
\BOOKMARK [3][-]{section*.11}{\376\377\000M\000e\000m\000o\000r\000i\000a\000\040\000d\000e\000l\000\040\000M\000C\000B\000E}{section*.9}% 11
\BOOKMARK [3][-]{section*.12}{\376\377\000R\000e\000g\000i\000s\000t\000r\000o\000s\000\040\000d\000e\000l\000\040\000M\000C\000B\000E}{section*.9}% 12
\BOOKMARK [3][-]{section*.13}{\376\377\000C\000P\000U\000\040\000d\000e\000l\000\040\000M\000C\000B\000E}{section*.9}% 13
\BOOKMARK [3][-]{section*.14}{\376\377\000F\000o\000r\000m\000a\000t\000o\000\040\000d\000e\000\040\000i\000n\000s\000t\000r\000u\000c\000c\000i\000o\000n\000e\000s\000\040\000d\000e\000l\000\040\000M\000C\000B\000E}{section*.9}% 14
\BOOKMARK [3][-]{section*.15}{\376\377\000C\000o\000n\000j\000u\000n\000t\000o\000\040\000d\000e\000\040\000i\000n\000s\000t\000r\000u\000c\000c\000i\000o\000n\000e\000s\000\040\000d\000e\000l\000\040\000M\000C\000B\000E}{section*.9}% 15
\BOOKMARK [2][-]{section*.16}{\376\377\000C\000i\000c\000l\000o\000\040\000d\000e\000\040\000i\000n\000s\000t\000r\000u\000c\000c\000i\000\363\000n}{section*.1}% 16
\BOOKMARK [2][-]{section*.17}{\376\377\000P\000r\000o\000g\000r\000a\000m\000a\000c\000i\000\363\000n\000\040\000d\000e\000l\000\040\000M\000C\000B\000E}{section*.1}% 17
\BOOKMARK [3][-]{section*.18}{\376\377\000T\000r\000a\000z\000a\000\040\000d\000e\000\040\000e\000j\000e\000c\000u\000c\000i\000\363\000n}{section*.17}% 18
\BOOKMARK [3][-]{section*.19}{\376\377\000A\000y\000u\000d\000a}{section*.17}% 19
\BOOKMARK [2][-]{section*.20}{\376\377\000P\000r\000e\000g\000u\000n\000t\000a\000s}{section*.1}% 20
