\BOOKMARK [1][-]{section*.1}{\376\377\000R\000e\000d\000e\000s\000\040\000d\000e\000\040\000c\000o\000m\000p\000u\000t\000a\000d\000o\000r\000a\000s}{}% 1
\BOOKMARK [2][-]{section*.2}{\376\377\000M\000o\000d\000e\000l\000o\000\040\000d\000e\000\040\000I\000n\000t\000e\000r\000n\000e\000t}{section*.1}% 2
\BOOKMARK [2][-]{section*.3}{\376\377\000S\000w\000i\000t\000c\000h\000e\000s}{section*.1}% 3
\BOOKMARK [2][-]{section*.4}{\376\377\000R\000o\000u\000t\000e\000r\000s}{section*.1}% 4
\BOOKMARK [2][-]{section*.5}{\376\377\000I\000n\000t\000e\000r\000f\000a\000c\000e\000s}{section*.1}% 5
\BOOKMARK [2][-]{section*.6}{\376\377\000M\000e\000d\000i\000o\000s\000\040\000y\000\040\000e\000n\000l\000a\000c\000e\000s}{section*.1}% 6
\BOOKMARK [2][-]{section*.7}{\376\377\000V\000e\000l\000o\000c\000i\000d\000a\000d\000e\000s\000\040\000d\000e\000\040\000t\000r\000a\000n\000s\000m\000i\000s\000i\000\363\000n\000\040\000y\000\040\000d\000e\000\040\000p\000r\000o\000p\000a\000g\000a\000c\000i\000\363\000n}{section*.1}% 7
\BOOKMARK [2][-]{section*.8}{\376\377\000T\000i\000e\000m\000p\000o\000\040\000d\000e\000\040\000t\000r\000a\000n\000s\000f\000e\000r\000e\000n\000c\000i\000a\000\040\000d\000e\000\040\000u\000n\000\040\000m\000e\000n\000s\000a\000j\000e}{section*.1}% 8
\BOOKMARK [2][-]{section*.9}{\376\377\000E\000n\000t\000i\000d\000a\000d\000e\000s\000\040\000d\000e\000\040\000r\000e\000d}{section*.1}% 9
\BOOKMARK [2][-]{section*.10}{\376\377\000E\000v\000e\000n\000t\000o\000s\000\040\000d\000e\000\040\000r\000e\000d}{section*.1}% 10
\BOOKMARK [2][-]{section*.11}{\376\377\000P\000r\000o\000t\000o\000c\000o\000l\000o\000s}{section*.1}% 11
\BOOKMARK [3][-]{section*.12}{\376\377\000M\000o\000d\000e\000l\000o\000\040\000c\000l\000i\000e\000n\000t\000e\000-\000s\000e\000r\000v\000i\000d\000o\000r}{section*.11}% 12
\BOOKMARK [3][-]{section*.13}{\376\377\000M\000o\000d\000e\000l\000o\000\040\000p\000e\000e\000r\000-\000t\000o\000-\000p\000e\000e\000r}{section*.11}% 13
\BOOKMARK [3][-]{section*.14}{\376\377\000A\000u\000t\000\363\000m\000a\000t\000a\000s}{section*.11}% 14
\BOOKMARK [3][-]{section*.15}{\376\377\000A\000u\000t\000\363\000m\000a\000t\000a\000\040\000d\000e\000l\000\040\000c\000l\000i\000e\000n\000t\000e}{section*.11}% 15
\BOOKMARK [3][-]{section*.16}{\376\377\000A\000u\000t\000\363\000m\000a\000t\000a\000\040\000d\000e\000l\000\040\000s\000e\000r\000v\000i\000d\000o\000r}{section*.11}% 16
\BOOKMARK [3][-]{section*.17}{\376\377\000P\000r\000o\000t\000o\000c\000o\000l\000o\000s\000\040\000d\000e\000\040\000p\000a\000r\000a\000d\000a\000\040\000y\000\040\000e\000s\000p\000e\000r\000a}{section*.11}% 17
\BOOKMARK [2][-]{section*.18}{\376\377\000D\000i\000r\000e\000c\000c\000i\000o\000n\000e\000s\000\040\000d\000e\000\040\000r\000e\000d}{section*.1}% 18
\BOOKMARK [2][-]{section*.19}{\376\377\000P\000a\000q\000u\000e\000t\000e\000s\000\040\000I\000P}{section*.1}% 19
\BOOKMARK [2][-]{section*.20}{\376\377\000R\000u\000t\000e\000o\000\040\000o\000\040\000e\000n\000c\000a\000m\000i\000n\000a\000m\000i\000e\000n\000t\000o}{section*.1}% 20
\BOOKMARK [3][-]{section*.21}{\376\377\000T\000a\000b\000l\000a\000\040\000d\000e\000\040\000r\000e\000e\000n\000v\000\355\000o\000\040\000o\000\040\000d\000e\000\040\000r\000u\000t\000e\000o}{section*.20}% 21
\BOOKMARK [3][-]{section*.22}{\376\377\000S\000u\000b\000r\000e\000d\000e\000s}{section*.20}% 22
\BOOKMARK [3][-]{section*.23}{\376\377\000P\000r\000e\000f\000i\000j\000o\000\040\000d\000e\000\040\000s\000u\000b\000r\000e\000d}{section*.20}% 23
\BOOKMARK [3][-]{section*.24}{\376\377\000D\000i\000r\000e\000c\000c\000i\000\363\000n\000\040\000d\000e\000\040\000s\000u\000b\000r\000e\000d\000\040\000y\000\040\000m\000\341\000s\000c\000a\000r\000a\000\040\000d\000e\000\040\000s\000u\000b\000r\000e\000d}{section*.20}% 24
\BOOKMARK [3][-]{section*.25}{\376\377\000C\000\341\000l\000c\000u\000l\000o\000\040\000d\000e\000\040\000l\000a\000\040\000d\000i\000r\000e\000c\000c\000i\000\363\000n\000\040\000d\000e\000\040\000s\000u\000b\000r\000e\000d}{section*.20}% 25
\BOOKMARK [3][-]{section*.26}{\376\377\000R\000u\000t\000a\000\040\000p\000o\000r\000\040\000d\000e\000f\000e\000c\000t\000o\000\040\000o\000\040\000r\000u\000t\000a\000\040\000d\000e\000f\000a\000u\000l\000t}{section*.20}% 26
\BOOKMARK [3][-]{section*.27}{\376\377\000R\000u\000t\000a\000s\000\040\000m\000\341\000s\000\040\000e\000s\000p\000e\000c\000\355\000f\000i\000c\000a\000s\000\040\000y\000\040\000m\000\341\000s\000c\000a\000r\000a\000s\000\040\000m\000\341\000s\000\040\000l\000a\000r\000g\000a\000s}{section*.20}% 27
\BOOKMARK [2][-]{section*.28}{\376\377\000A\000l\000g\000o\000r\000i\000t\000m\000o\000\040\000d\000e\000\040\000r\000e\000e\000n\000v\000\355\000o}{section*.1}% 28
\BOOKMARK [2][-]{section*.29}{\376\377\000S\000e\000r\000v\000i\000c\000i\000o\000\040\000d\000e\000\040\000N\000o\000m\000b\000r\000e\000s\000\040\000d\000e\000\040\000D\000o\000m\000i\000n\000i\000o\000\040\000\050\000D\000N\000S\000\051}{section*.1}% 29
\BOOKMARK [3][-]{section*.30}{\376\377\000J\000e\000r\000a\000r\000q\000u\000\355\000a\000\040\000d\000e\000\040\000n\000o\000m\000b\000r\000e\000s\000\040\000d\000e\000\040\000d\000o\000m\000i\000n\000i\000o}{section*.29}% 30
\BOOKMARK [3][-]{section*.31}{\376\377\000R\000e\000s\000o\000l\000u\000c\000i\000\363\000n\000\040\000d\000e\000\040\000n\000o\000m\000b\000r\000e\000s}{section*.29}% 31
\BOOKMARK [2][-]{section*.32}{\376\377\000A\000d\000m\000i\000n\000i\000s\000t\000r\000a\000c\000i\000\363\000n\000\040\000d\000e\000\040\000r\000e\000d\000e\000s}{section*.1}% 32
\BOOKMARK [3][-]{section*.33}{\376\377\000C\000o\000m\000a\000n\000d\000o\000\040\000p\000i\000n\000g}{section*.32}% 33
\BOOKMARK [3][-]{section*.34}{\376\377\000C\000o\000m\000a\000n\000d\000o\000\040\000t\000r\000a\000c\000e\000r\000o\000u\000t\000e}{section*.32}% 34
