\BOOKMARK [1][-]{section*.1}{\376\377\000S\000i\000s\000t\000e\000m\000a\000s\000\040\000d\000e\000\040\000N\000u\000m\000e\000r\000a\000c\000i\000\363\000n}{}% 1
\BOOKMARK [2][-]{section*.2}{\376\377\000U\000n\000\040\000s\000i\000s\000t\000e\000m\000a\000\040\000d\000i\000f\000e\000r\000e\000n\000t\000e}{section*.1}% 2
\BOOKMARK [3][-]{section*.3}{\376\377\000P\000r\000e\000g\000u\000n\000t\000a\000s}{section*.2}% 3
\BOOKMARK [2][-]{section*.4}{\376\377\000S\000i\000s\000t\000e\000m\000a\000\040\000p\000o\000s\000i\000c\000i\000o\000n\000a\000l}{section*.1}% 4
\BOOKMARK [3][-]{section*.5}{\376\377\000C\000a\000l\000c\000u\000l\000a\000n\000d\000o\000\040\000c\000a\000d\000a\000\040\000p\000o\000s\000i\000c\000i\000\363\000n}{section*.4}% 5
\BOOKMARK [3][-]{section*.6}{\376\377\000B\000a\000s\000e\000\040\000d\000e\000\040\000u\000n\000\040\000s\000i\000s\000t\000e\000m\000a\000\040\000d\000e\000\040\000n\000u\000m\000e\000r\000a\000c\000i\000\363\000n}{section*.4}% 6
\BOOKMARK [3][-]{section*.7}{\376\377\000N\000\372\000m\000e\000r\000o\000\040\000y\000\040\000n\000u\000m\000e\000r\000a\000l}{section*.4}% 7
\BOOKMARK [3][-]{section*.8}{\376\377\000I\000n\000d\000i\000c\000a\000n\000d\000o\000\040\000l\000a\000\040\000b\000a\000s\000e}{section*.4}% 8
\BOOKMARK [2][-]{section*.9}{\376\377\000S\000i\000s\000t\000e\000m\000a\000\040\000d\000e\000c\000i\000m\000a\000l}{section*.1}% 9
\BOOKMARK [2][-]{section*.10}{\376\377\000S\000i\000s\000t\000e\000m\000a\000\040\000b\000i\000n\000a\000r\000i\000o}{section*.1}% 10
\BOOKMARK [3][-]{section*.11}{\376\377\000T\000r\000u\000c\000o\000s\000\040\000p\000a\000r\000a\000\040\000c\000o\000n\000v\000e\000r\000s\000i\000\363\000n\000\040\000r\000\341\000p\000i\000d\000a}{section*.10}% 11
\BOOKMARK [2][-]{section*.12}{\376\377\000S\000i\000s\000t\000e\000m\000a\000\040\000h\000e\000x\000a\000d\000e\000c\000i\000m\000a\000l}{section*.1}% 12
\BOOKMARK [2][-]{section*.13}{\376\377\000U\000n\000a\000\040\000e\000x\000p\000r\000e\000s\000i\000\363\000n\000\040\000g\000e\000n\000e\000r\000a\000l}{section*.1}% 13
\BOOKMARK [2][-]{section*.14}{\376\377\000C\000o\000n\000v\000e\000r\000s\000i\000\363\000n\000\040\000d\000e\000\040\000b\000a\000s\000e}{section*.1}% 14
\BOOKMARK [3][-]{section*.15}{\376\377\000C\000o\000n\000v\000e\000r\000s\000i\000\363\000n\000\040\000d\000e\000\040\000b\000a\000s\000e\000\040\0001\0000\000\040\000a\000\040\000o\000t\000r\000a\000s\000\040\000b\000a\000s\000e\000s}{section*.14}% 15
\BOOKMARK [3][-]{section*.16}{\376\377\000C\000o\000n\000v\000e\000r\000s\000i\000\363\000n\000\040\000d\000e\000\040\000o\000t\000r\000a\000s\000\040\000b\000a\000s\000e\000s\000\040\000a\000\040\000b\000a\000s\000e\000\040\0001\0000}{section*.14}% 16
\BOOKMARK [2][-]{section*.17}{\376\377\000P\000r\000e\000g\000u\000n\000t\000a\000s}{section*.1}% 17
\BOOKMARK [2][-]{section*.18}{\376\377\000C\000o\000n\000v\000e\000r\000s\000i\000\363\000n\000\040\000e\000n\000t\000r\000e\000\040\000b\000a\000s\000e\000s\000\040\000a\000r\000b\000i\000t\000r\000a\000r\000i\000a\000s}{section*.1}% 18
\BOOKMARK [2][-]{section*.19}{\376\377\000E\000q\000u\000i\000v\000a\000l\000e\000n\000c\000i\000a\000s\000\040\000e\000n\000t\000r\000e\000\040\000s\000i\000s\000t\000e\000m\000a\000s}{section*.1}% 19
\BOOKMARK [3][-]{section*.20}{\376\377\000C\000o\000n\000v\000e\000r\000s\000i\000\363\000n\000\040\000e\000n\000t\000r\000e\000\040\000s\000i\000s\000t\000e\000m\000a\000s\000\040\000b\000i\000n\000a\000r\000i\000o\000\040\000y\000\040\000h\000e\000x\000a\000d\000e\000c\000i\000m\000a\000l}{section*.19}% 20
\BOOKMARK [3][-]{section*.21}{\376\377\000C\000o\000n\000v\000e\000r\000s\000i\000\363\000n\000\040\000e\000n\000t\000r\000e\000\040\000s\000i\000s\000t\000e\000m\000a\000s\000\040\000b\000i\000n\000a\000r\000i\000o\000\040\000y\000\040\000o\000c\000t\000a\000l}{section*.19}% 21
