\BOOKMARK [1][-]{section*.1}{\376\377\000S\000i\000s\000t\000e\000m\000a\000s\000\040\000O\000p\000e\000r\000a\000t\000i\000v\000o\000s}{}% 1
\BOOKMARK [2][-]{section*.2}{\376\377\000D\000e\000l\000\040\000h\000a\000r\000d\000w\000a\000r\000e\000\040\000a\000l\000\040\000s\000o\000f\000t\000w\000a\000r\000e}{section*.1}% 2
\BOOKMARK [2][-]{section*.3}{\376\377\000E\000v\000o\000l\000u\000c\000i\000\363\000n\000\040\000d\000e\000l\000\040\000s\000o\000f\000t\000w\000a\000r\000e\000\040\000d\000e\000\040\000b\000a\000s\000e}{section*.1}% 3
\BOOKMARK [3][-]{section*.4}{\376\377\000O\000p\000e\000n\000\040\000S\000h\000o\000p}{section*.3}% 4
\BOOKMARK [3][-]{section*.5}{\376\377\000S\000i\000s\000t\000e\000m\000a\000s\000\040\000B\000a\000t\000c\000h}{section*.3}% 5
\BOOKMARK [3][-]{section*.6}{\376\377\000S\000i\000s\000t\000e\000m\000a\000s\000\040\000M\000u\000l\000t\000i\000p\000r\000o\000g\000r\000a\000m\000a\000d\000o\000s}{section*.3}% 6
\BOOKMARK [3][-]{section*.7}{\376\377\000S\000i\000s\000t\000e\000m\000a\000s\000\040\000d\000e\000\040\000T\000i\000e\000m\000p\000o\000\040\000C\000o\000m\000p\000a\000r\000t\000i\000d\000o}{section*.3}% 7
\BOOKMARK [3][-]{section*.8}{\376\377\000C\000o\000m\000p\000u\000t\000a\000c\000i\000\363\000n\000\040\000p\000e\000r\000s\000o\000n\000a\000l}{section*.3}% 8
\BOOKMARK [3][-]{section*.9}{\376\377\000P\000r\000e\000g\000u\000n\000t\000a\000s}{section*.3}% 9
\BOOKMARK [2][-]{section*.10}{\376\377\000C\000o\000m\000p\000o\000n\000e\000n\000t\000e\000s\000\040\000d\000e\000l\000\040\000S\000O}{section*.1}% 10
\BOOKMARK [3][-]{section*.11}{\376\377\000S\000i\000s\000t\000e\000m\000a\000s\000\040\000e\000m\000p\000o\000t\000r\000a\000d\000o\000s\000\040\000o\000\040\000e\000m\000b\000e\000b\000i\000d\000o\000s}{section*.10}% 11
\BOOKMARK [2][-]{section*.12}{\376\377\000A\000p\000l\000i\000c\000a\000c\000i\000o\000n\000e\000s}{section*.1}% 12
\BOOKMARK [2][-]{section*.13}{\376\377\000K\000e\000r\000n\000e\000l}{section*.1}% 13
\BOOKMARK [3][-]{section*.14}{\376\377\000R\000e\000c\000u\000r\000s\000o\000s}{section*.13}% 14
\BOOKMARK [3][-]{section*.15}{\376\377\000P\000r\000o\000c\000e\000s\000o\000s}{section*.13}% 15
\BOOKMARK [3][-]{section*.16}{\376\377\000L\000l\000a\000m\000a\000d\000a\000s\000\040\000a\000l\000\040\000s\000i\000s\000t\000e\000m\000a\000\040\000o\000\040\000s\000y\000s\000t\000e\000m\000\040\000c\000a\000l\000l\000s}{section*.13}% 16
\BOOKMARK [3][-]{section*.17}{\376\377\000M\000o\000d\000o\000\040\000d\000u\000a\000l\000\040\000d\000e\000\040\000o\000p\000e\000r\000a\000c\000i\000\363\000n}{section*.13}% 17
\BOOKMARK [2][-]{section*.18}{\376\377\000L\000l\000a\000m\000a\000d\000a\000s\000\040\000a\000l\000\040\000s\000i\000s\000t\000e\000m\000a}{section*.1}% 18
\BOOKMARK [2][-]{section*.19}{\376\377\000E\000j\000e\000c\000u\000c\000i\000\363\000n\000\040\000d\000e\000\040\000a\000p\000l\000i\000c\000a\000c\000i\000o\000n\000e\000s}{section*.1}% 19
\BOOKMARK [2][-]{section*.20}{\376\377\000U\000n\000a\000\040\000c\000r\000o\000n\000o\000l\000o\000g\000\355\000a\000\040\000d\000e\000\040\000l\000o\000s\000\040\000S\000O}{section*.1}% 20
\BOOKMARK [2][-]{section*.21}{\376\377\000S\000e\000r\000v\000i\000c\000i\000o\000s\000\040\000d\000e\000l\000\040\000S\000O}{section*.1}% 21
\BOOKMARK [2][-]{section*.22}{\376\377\000E\000j\000e\000c\000u\000c\000i\000\363\000n\000\040\000d\000e\000\040\000p\000r\000o\000c\000e\000s\000o\000s}{section*.1}% 22
\BOOKMARK [3][-]{section*.23}{\376\377\000C\000r\000e\000a\000c\000i\000\363\000n\000\040\000d\000e\000\040\000p\000r\000o\000c\000e\000s\000o\000s}{section*.22}% 23
\BOOKMARK [3][-]{section*.24}{\376\377\000E\000s\000t\000a\000d\000o\000s\000\040\000d\000e\000\040\000l\000o\000s\000\040\000p\000r\000o\000c\000e\000s\000o\000s}{section*.22}% 24
\BOOKMARK [3][-]{section*.25}{\376\377\000S\000c\000h\000e\000d\000u\000l\000e\000r\000\040\000o\000\040\000p\000l\000a\000n\000i\000f\000i\000c\000a\000d\000o\000r}{section*.22}% 25
\BOOKMARK [2][-]{section*.26}{\376\377\000C\000i\000c\000l\000o\000\040\000d\000e\000\040\000e\000s\000t\000a\000d\000o\000s}{section*.1}% 26
\BOOKMARK [3][-]{section*.27}{\376\377\000C\000i\000c\000l\000o\000\040\000d\000e\000\040\000e\000s\000t\000a\000d\000o\000s\000\040\000e\000n\000\040\000u\000n\000\040\000s\000i\000s\000t\000e\000m\000a\000\040\000m\000u\000l\000t\000i\000p\000r\000o\000g\000r\000a\000m\000a\000d\000o}{section*.26}% 27
\BOOKMARK [3][-]{section*.28}{\376\377\000C\000i\000c\000l\000o\000\040\000d\000e\000\040\000e\000s\000t\000a\000d\000o\000s\000\040\000e\000n\000\040\000u\000n\000\040\000s\000i\000s\000t\000e\000m\000a\000\040\000d\000e\000\040\000t\000i\000e\000m\000p\000o\000\040\000c\000o\000m\000p\000a\000r\000t\000i\000d\000o}{section*.26}% 28
\BOOKMARK [3][-]{section*.29}{\376\377\000C\000o\000m\000p\000a\000r\000a\000n\000d\000o\000\040\000m\000u\000l\000t\000i\000p\000r\000o\000g\000r\000a\000m\000a\000c\000i\000\363\000n\000\040\000y\000\040\000t\000i\000m\000e\000\040\000s\000h\000a\000r\000i\000n\000g}{section*.26}% 29
\BOOKMARK [3][-]{section*.30}{\376\377\000P\000r\000e\000g\000u\000n\000t\000a\000s}{section*.26}% 30
\BOOKMARK [3][-]{section*.31}{\376\377\000C\000o\000n\000c\000u\000r\000r\000e\000n\000c\000i\000a\000\040\000y\000\040\000p\000a\000r\000a\000l\000e\000l\000i\000s\000m\000o}{section*.26}% 31
\BOOKMARK [3][-]{section*.32}{\376\377\000M\000o\000n\000i\000t\000o\000r\000i\000z\000a\000c\000i\000\363\000n\000\040\000d\000e\000\040\000p\000r\000o\000c\000e\000s\000o\000s}{section*.26}% 32
\BOOKMARK [3][-]{section*.33}{\376\377\000C\000o\000m\000a\000n\000d\000o\000\040\000t\000o\000p}{section*.26}% 33
\BOOKMARK [2][-]{section*.34}{\376\377\000C\000o\000m\000a\000n\000d\000o\000s\000\040\000d\000e\000\040\000p\000r\000o\000c\000e\000s\000o\000s}{section*.1}% 34
\BOOKMARK [2][-]{section*.35}{\376\377\000G\000e\000s\000t\000i\000\363\000n\000\040\000d\000e\000\040\000a\000r\000c\000h\000i\000v\000o\000s}{section*.1}% 35
\BOOKMARK [3][-]{section*.36}{\376\377\000A\000r\000c\000h\000i\000v\000o\000s}{section*.35}% 36
\BOOKMARK [3][-]{section*.37}{\376\377\000S\000i\000s\000t\000e\000m\000a\000\040\000d\000e\000\040\000a\000r\000c\000h\000i\000v\000o\000s}{section*.35}% 37
\BOOKMARK [3][-]{section*.38}{\376\377\000M\000e\000t\000a\000d\000a\000t\000o\000s}{section*.35}% 38
\BOOKMARK [3][-]{section*.39}{\376\377\000D\000i\000r\000e\000c\000t\000o\000r\000i\000o\000s}{section*.35}% 39
\BOOKMARK [3][-]{section*.40}{\376\377\000V\000a\000r\000i\000o\000s\000\040\000s\000i\000g\000n\000i\000f\000i\000c\000a\000d\000o\000s}{section*.35}% 40
\BOOKMARK [2][-]{section*.41}{\376\377\000\301\000r\000b\000o\000l\000\040\000d\000e\000\040\000d\000i\000r\000e\000c\000t\000o\000r\000i\000o\000s}{section*.1}% 41
\BOOKMARK [3][-]{section*.42}{\376\377\000N\000o\000m\000b\000r\000e\000s\000\040\000d\000e\000\040\000a\000r\000c\000h\000i\000v\000o\000\040\000y\000\040\000r\000e\000f\000e\000r\000e\000n\000c\000i\000a\000s}{section*.41}% 42
\BOOKMARK [2][-]{section*.43}{\376\377\000E\000l\000e\000m\000e\000n\000t\000o\000s\000\040\000d\000e\000l\000\040\000s\000i\000s\000t\000e\000m\000a\000\040\000d\000e\000\040\000a\000r\000c\000h\000i\000v\000o\000s}{section*.1}% 43
\BOOKMARK [3][-]{section*.44}{\376\377\000P\000a\000r\000t\000i\000c\000i\000o\000n\000e\000s}{section*.43}% 44
\BOOKMARK [3][-]{section*.45}{\376\377\000B\000l\000o\000q\000u\000e\000s}{section*.43}% 45
\BOOKMARK [3][-]{section*.46}{\376\377\000I\000n\000o\000d\000o\000s}{section*.43}% 46
\BOOKMARK [3][-]{section*.47}{\376\377\000S\000u\000p\000e\000r\000b\000l\000o\000c\000k}{section*.43}% 47
\BOOKMARK [2][-]{section*.48}{\376\377\000I\000n\000o\000d\000o\000s}{section*.1}% 48
\BOOKMARK [3][-]{section*.49}{\376\377\000M\000e\000t\000a\000d\000a\000t\000o\000s}{section*.48}% 49
\BOOKMARK [2][-]{section*.50}{\376\377\000B\000l\000o\000q\000u\000e\000s\000\040\000d\000e\000\040\000d\000i\000s\000c\000o}{section*.1}% 50
\BOOKMARK [2][-]{section*.51}{\376\377\000D\000i\000r\000e\000c\000t\000o\000r\000i\000o\000s}{section*.1}% 51
\BOOKMARK [3][-]{section*.52}{\376\377\000L\000i\000n\000k\000s\000\040\000o\000\040\000n\000o\000m\000b\000r\000e\000s\000\040\000d\000e\000\040\000a\000r\000c\000h\000i\000v\000o}{section*.51}% 52
\BOOKMARK [3][-]{section*.53}{\376\377\000B\000\372\000s\000q\000u\000e\000d\000a\000\040\000d\000e\000\040\000u\000n\000\040\000a\000r\000c\000h\000i\000v\000o\000\040\000e\000n\000\040\000e\000l\000\040\000f\000i\000l\000e\000s\000y\000s\000t\000e\000m}{section*.51}% 53
\BOOKMARK [2][-]{section*.54}{\376\377\000G\000e\000s\000t\000i\000\363\000n\000\040\000d\000e\000\040\000m\000e\000m\000o\000r\000i\000a}{section*.1}% 54
\BOOKMARK [3][-]{section*.55}{\376\377\000M\000a\000p\000a\000\040\000d\000e\000\040\000m\000e\000m\000o\000r\000i\000a}{section*.54}% 55
\BOOKMARK [2][-]{section*.56}{\376\377\000E\000s\000p\000a\000c\000i\000o\000s\000\040\000d\000e\000\040\000d\000i\000r\000e\000c\000c\000i\000o\000n\000e\000s}{section*.1}% 56
\BOOKMARK [3][-]{section*.57}{\376\377\000E\000s\000p\000a\000c\000i\000o\000\040\000d\000e\000\040\000d\000i\000r\000e\000c\000c\000i\000o\000n\000e\000s\000\040\000f\000\355\000s\000i\000c\000a\000s}{section*.56}% 57
\BOOKMARK [3][-]{section*.58}{\376\377\000E\000s\000p\000a\000c\000i\000o\000\040\000d\000e\000\040\000d\000i\000r\000e\000c\000c\000i\000o\000n\000e\000s\000\040\000l\000\363\000g\000i\000c\000a\000s}{section*.56}% 58
\BOOKMARK [2][-]{section*.59}{\376\377\000T\000r\000a\000d\000u\000c\000c\000i\000\363\000n\000\040\000d\000e\000\040\000d\000i\000r\000e\000c\000c\000i\000o\000n\000e\000s}{section*.1}% 59
\BOOKMARK [3][-]{section*.60}{\376\377\000U\000n\000i\000d\000a\000d\000\040\000d\000e\000\040\000g\000e\000s\000t\000i\000\363\000n\000\040\000d\000e\000\040\000m\000e\000m\000o\000r\000i\000a\000\040\000o\000\040\000M\000M\000U}{section*.59}% 60
\BOOKMARK [3][-]{section*.61}{\376\377\000A\000s\000i\000g\000n\000a\000c\000i\000\363\000n\000\040\000d\000e\000\040\000m\000e\000m\000o\000r\000i\000a\000\040\000c\000o\000n\000t\000i\000g\000u\000a}{section*.59}% 61
\BOOKMARK [3][-]{section*.62}{\376\377\000F\000r\000a\000g\000m\000e\000n\000t\000a\000c\000i\000\363\000n\000\040\000e\000x\000t\000e\000r\000n\000a}{section*.59}% 62
\BOOKMARK [2][-]{section*.63}{\376\377\000S\000e\000g\000m\000e\000n\000t\000a\000c\000i\000\363\000n}{section*.1}% 63
\BOOKMARK [2][-]{section*.64}{\376\377\000P\000a\000g\000i\000n\000a\000c\000i\000\363\000n}{section*.1}% 64
\BOOKMARK [3][-]{section*.65}{\376\377\000F\000r\000a\000g\000m\000e\000n\000t\000a\000c\000i\000\363\000n\000\040\000i\000n\000t\000e\000r\000n\000a}{section*.64}% 65
\BOOKMARK [3][-]{section*.66}{\376\377\000T\000a\000b\000l\000a\000\040\000d\000e\000\040\000p\000\341\000g\000i\000n\000a\000s}{section*.64}% 66
\BOOKMARK [3][-]{section*.67}{\376\377\000P\000a\000g\000i\000n\000a\000c\000i\000\363\000n\000\040\000p\000o\000r\000\040\000d\000e\000m\000a\000n\000d\000a}{section*.64}% 67
\BOOKMARK [2][-]{section*.68}{\376\377\000M\000e\000m\000o\000r\000i\000a\000\040\000v\000i\000r\000t\000u\000a\000l}{section*.1}% 68
\BOOKMARK [3][-]{section*.69}{\376\377\000R\000e\000e\000m\000p\000l\000a\000z\000o\000\040\000d\000e\000\040\000p\000\341\000g\000i\000n\000a\000s}{section*.68}% 69
