\BOOKMARK [1][-]{section*.1}{\376\377\000E\000l\000\040\000S\000o\000f\000t\000w\000a\000r\000e}{}% 1
\BOOKMARK [2][-]{section*.2}{\376\377\000L\000e\000n\000g\000u\000a\000j\000e\000s\000\040\000d\000e\000\040\000b\000a\000j\000o\000\040\000n\000i\000v\000e\000l}{section*.1}% 2
\BOOKMARK [3][-]{section*.3}{\376\377\000L\000e\000n\000g\000u\000a\000j\000e\000\040\000d\000e\000\040\000m\000\341\000q\000u\000i\000n\000a\000\040\000o\000\040\000c\000\363\000d\000i\000g\000o\000\040\000m\000\341\000q\000u\000i\000n\000a}{section*.2}% 3
\BOOKMARK [3][-]{section*.4}{\376\377\000L\000e\000n\000g\000u\000a\000j\000e\000\040\000e\000n\000s\000a\000m\000b\000l\000a\000d\000o\000r}{section*.2}% 4
\BOOKMARK [3][-]{section*.5}{\376\377\000M\000n\000e\000m\000\363\000n\000i\000c\000o\000s}{section*.2}% 5
\BOOKMARK [3][-]{section*.6}{\376\377\000R\000\363\000t\000u\000l\000o\000s}{section*.2}% 6
\BOOKMARK [3][-]{section*.7}{\376\377\000R\000\363\000t\000u\000l\000o\000s\000\040\000e\000n\000\040\000i\000n\000s\000t\000r\000u\000c\000c\000i\000o\000n\000e\000s\000\040\000d\000e\000\040\000s\000a\000l\000t\000o}{section*.2}% 7
\BOOKMARK [3][-]{section*.8}{\376\377\000R\000\363\000t\000u\000l\000o\000s\000\040\000p\000r\000e\000d\000e\000f\000i\000n\000i\000d\000o\000s}{section*.2}% 8
\BOOKMARK [2][-]{section*.9}{\376\377\000T\000r\000a\000d\000u\000c\000t\000o\000r\000e\000s}{section*.1}% 9
\BOOKMARK [2][-]{section*.10}{\376\377\000E\000n\000s\000a\000m\000b\000l\000a\000d\000o\000r\000e\000s}{section*.1}% 10
\BOOKMARK [3][-]{section*.11}{\376\377\000E\000n\000s\000a\000m\000b\000l\000a\000d\000o\000r\000\040\000x\0008\0006}{section*.10}% 11
\BOOKMARK [3][-]{section*.12}{\376\377\000E\000n\000s\000a\000m\000b\000l\000a\000d\000o\000r\000\040\000A\000R\000M}{section*.10}% 12
\BOOKMARK [3][-]{section*.13}{\376\377\000E\000n\000s\000a\000m\000b\000l\000a\000d\000o\000r\000\040\000P\000o\000w\000e\000r\000P\000C}{section*.10}% 13
\BOOKMARK [2][-]{section*.14}{\376\377\000L\000e\000n\000g\000u\000a\000j\000e\000s\000\040\000d\000e\000\040\000p\000r\000o\000g\000r\000a\000m\000a\000c\000i\000\363\000n}{section*.1}% 14
\BOOKMARK [3][-]{section*.15}{\376\377\000L\000e\000n\000g\000u\000a\000j\000e\000s\000\040\000d\000e\000\040\000b\000a\000j\000o\000\040\000n\000i\000v\000e\000l}{section*.14}% 15
\BOOKMARK [3][-]{section*.16}{\376\377\000L\000e\000n\000g\000u\000a\000j\000e\000s\000\040\000d\000e\000\040\000a\000l\000t\000o\000\040\000n\000i\000v\000e\000l}{section*.14}% 16
\BOOKMARK [2][-]{section*.17}{\376\377\000N\000i\000v\000e\000l\000e\000s\000\040\000d\000e\000\040\000l\000e\000n\000g\000u\000a\000j\000e\000s}{section*.1}% 17
\BOOKMARK [2][-]{section*.18}{\376\377\000P\000a\000r\000a\000d\000i\000g\000m\000a\000s\000\040\000d\000e\000\040\000p\000r\000o\000g\000r\000a\000m\000a\000c\000i\000\363\000n}{section*.1}% 18
\BOOKMARK [3][-]{section*.19}{\376\377\000P\000a\000r\000a\000d\000i\000g\000m\000a\000\040\000i\000m\000p\000e\000r\000a\000t\000i\000v\000o\000\040\000o\000\040\000p\000r\000o\000c\000e\000d\000u\000r\000a\000l}{section*.18}% 19
\BOOKMARK [3][-]{section*.20}{\376\377\000P\000a\000r\000a\000d\000i\000g\000m\000a\000\040\000l\000\363\000g\000i\000c\000o\000\040\000o\000\040\000d\000e\000c\000l\000a\000r\000a\000t\000i\000v\000o}{section*.18}% 20
\BOOKMARK [3][-]{section*.21}{\376\377\000P\000a\000r\000a\000d\000i\000g\000m\000a\000\040\000f\000u\000n\000c\000i\000o\000n\000a\000l}{section*.18}% 21
\BOOKMARK [3][-]{section*.22}{\376\377\000O\000r\000i\000e\000n\000t\000a\000c\000i\000\363\000n\000\040\000a\000\040\000o\000b\000j\000e\000t\000o\000s}{section*.18}% 22
\BOOKMARK [2][-]{section*.23}{\376\377\000C\000o\000m\000p\000i\000l\000a\000d\000o\000r\000e\000s\000\040\000e\000\040\000i\000n\000t\000\351\000r\000p\000r\000e\000t\000e\000s}{section*.1}% 23
\BOOKMARK [3][-]{section*.24}{\376\377\000V\000e\000l\000o\000c\000i\000d\000a\000d\000\040\000d\000e\000\040\000e\000j\000e\000c\000u\000c\000i\000\363\000n}{section*.23}% 24
\BOOKMARK [3][-]{section*.25}{\376\377\000P\000o\000r\000t\000a\000b\000i\000l\000i\000d\000a\000d}{section*.23}% 25
\BOOKMARK [2][-]{section*.26}{\376\377\000C\000i\000c\000l\000o\000\040\000d\000e\000\040\000c\000o\000m\000p\000i\000l\000a\000c\000i\000\363\000n}{section*.1}% 26
\BOOKMARK [3][-]{section*.27}{\376\377\000T\000e\000r\000m\000i\000n\000o\000l\000o\000g\000\355\000a}{section*.26}% 27
\BOOKMARK [3][-]{section*.28}{\376\377\000F\000a\000s\000e\000s\000\040\000d\000e\000l\000\040\000c\000i\000c\000l\000o\000\040\000d\000e\000\040\000c\000o\000m\000p\000i\000l\000a\000c\000i\000\363\000n}{section*.26}% 28
\BOOKMARK [3][-]{section*.29}{\376\377\000E\000n\000t\000o\000r\000n\000o\000s\000\040\000d\000e\000\040\000d\000e\000s\000a\000r\000r\000o\000l\000l\000o\000\040\000o\000\040\000I\000D\000E}{section*.26}% 29
