\BOOKMARK [1][-]{section*.1}{\376\377\000R\000e\000p\000r\000e\000s\000e\000n\000t\000a\000c\000i\000\363\000n\000\040\000d\000e\000\040\000T\000e\000x\000t\000o\000\040\000y\000\040\000m\000u\000l\000t\000i\000m\000e\000d\000i\000a}{}% 1
\BOOKMARK [2][-]{section*.2}{\376\377\000C\000o\000d\000i\000f\000i\000c\000a\000c\000i\000\363\000n\000\040\000d\000e\000\040\000t\000e\000x\000t\000o}{section*.1}% 2
\BOOKMARK [2][-]{section*.3}{\376\377\000C\000\363\000d\000i\000g\000o\000s\000\040\000d\000e\000\040\000c\000a\000r\000a\000c\000t\000e\000r\000e\000s}{section*.1}% 3
\BOOKMARK [2][-]{section*.4}{\376\377\000T\000a\000b\000l\000a\000\040\000d\000e\000\040\000c\000\363\000d\000i\000g\000o\000s\000\040\000A\000S\000C\000I\000I}{section*.1}% 4
\BOOKMARK [2][-]{section*.5}{\376\377\000T\000e\000x\000t\000o\000s\000\040\000y\000\040\000d\000o\000c\000u\000m\000e\000n\000t\000o\000s}{section*.1}% 5
\BOOKMARK [2][-]{section*.6}{\376\377\000A\000r\000c\000h\000i\000v\000o\000s\000\040\000d\000e\000\040\000h\000i\000p\000e\000r\000t\000e\000x\000t\000o}{section*.1}% 6
\BOOKMARK [2][-]{section*.7}{\376\377\000I\000m\000a\000g\000e\000n\000\040\000d\000i\000g\000i\000t\000a\000l}{section*.1}% 7
\BOOKMARK [2][-]{section*.8}{\376\377\000C\000o\000l\000o\000r}{section*.1}% 8
\BOOKMARK [3][-]{section*.9}{\376\377\000P\000r\000o\000f\000u\000n\000d\000i\000d\000a\000d\000\040\000d\000e\000\040\000c\000o\000l\000o\000r}{section*.8}% 9
\BOOKMARK [2][-]{section*.10}{\376\377\000F\000o\000r\000m\000a\000t\000o\000\040\000d\000e\000\040\000i\000m\000a\000g\000e\000n}{section*.1}% 10
\BOOKMARK [2][-]{section*.11}{\376\377\000U\000n\000\040\000f\000o\000r\000m\000a\000t\000o\000\040\000d\000e\000\040\000i\000m\000a\000g\000e\000n}{section*.1}% 11
\BOOKMARK [2][-]{section*.12}{\376\377\000R\000e\000c\000o\000n\000s\000t\000r\000u\000y\000e\000n\000d\000o\000\040\000u\000n\000a\000\040\000i\000m\000a\000g\000e\000n}{section*.1}% 12
\BOOKMARK [2][-]{section*.13}{\376\377\000C\000o\000m\000p\000r\000e\000s\000i\000\363\000n\000\040\000d\000e\000\040\000d\000a\000t\000o\000s}{section*.1}% 13
\BOOKMARK [2][-]{section*.14}{\376\377\000C\000o\000m\000p\000r\000e\000s\000i\000\363\000n\000\040\000s\000i\000n\000\040\000p\000\351\000r\000d\000i\000d\000a}{section*.1}% 14
\BOOKMARK [2][-]{section*.15}{\376\377\000C\000o\000m\000p\000r\000e\000s\000i\000\363\000n\000\040\000c\000o\000n\000\040\000p\000\351\000r\000d\000i\000d\000a}{section*.1}% 15
\BOOKMARK [3][-]{section*.16}{\376\377\000R\000e\000d\000u\000c\000c\000i\000\363\000n\000\040\000d\000e\000\040\000c\000o\000l\000o\000r}{section*.15}% 16
\BOOKMARK [2][-]{section*.17}{\376\377\000A\000l\000g\000o\000r\000i\000t\000m\000o\000s\000\040\000d\000e\000\040\000c\000o\000m\000p\000r\000e\000s\000i\000\363\000n\000\040\000s\000i\000n\000\040\000p\000\351\000r\000d\000i\000d\000a}{section*.1}% 17
\BOOKMARK [3][-]{section*.18}{\376\377\000R\000u\000n\000\040\000L\000e\000n\000g\000t\000h\000\040\000E\000n\000c\000o\000d\000i\000n\000g\000\040\000o\000\040\000R\000L\000E}{section*.17}% 18
\BOOKMARK [3][-]{section*.19}{\376\377\000C\000\363\000d\000i\000g\000o\000s\000\040\000d\000e\000\040\000H\000u\000f\000f\000m\000a\000n\000n\000\040\000o\000\040\000d\000e\000\040\000l\000o\000n\000g\000i\000t\000u\000d\000\040\000v\000a\000r\000i\000a\000b\000l\000e}{section*.17}% 19
\BOOKMARK [3][-]{section*.20}{\376\377\000C\000o\000m\000p\000r\000e\000s\000i\000\363\000n\000\040\000d\000e\000\040\000i\000m\000\341\000g\000e\000n\000e\000s\000\040\000c\000o\000n\000\040\000R\000L\000E}{section*.17}% 20
\BOOKMARK [2][-]{section*.21}{\376\377\000C\000o\000m\000p\000r\000e\000s\000i\000\363\000n\000\040\000c\000o\000n\000\040\000p\000\351\000r\000d\000i\000d\000a\000\040\000y\000\040\000p\000\351\000r\000d\000i\000d\000a\000\040\000d\000e\000\040\000i\000n\000f\000o\000r\000m\000a\000c\000i\000\363\000n}{section*.1}% 21
