\BOOKMARK [1][-]{section*.1}{\376\377\000R\000e\000p\000r\000e\000s\000e\000n\000t\000a\000c\000i\000\363\000n\000\040\000d\000e\000\040\000l\000a\000\040\000I\000n\000f\000o\000r\000m\000a\000c\000i\000\363\000n}{}% 1
\BOOKMARK [2][-]{section*.2}{\376\377\000R\000e\000p\000r\000e\000s\000e\000n\000t\000a\000c\000i\000\363\000n\000\040\000d\000e\000\040\000d\000a\000t\000o\000s\000\040\000n\000u\000m\000\351\000r\000i\000c\000o\000s}{section*.1}% 2
\BOOKMARK [3][-]{section*.3}{\376\377\000C\000l\000a\000s\000i\000f\000i\000c\000a\000c\000i\000\363\000n\000\040\000d\000e\000\040\000l\000o\000s\000\040\000n\000\372\000m\000e\000r\000o\000s}{section*.2}% 3
\BOOKMARK [3][-]{section*.4}{\376\377\000D\000a\000t\000o\000s\000\040\000e\000n\000t\000e\000r\000o\000s}{section*.2}% 4
\BOOKMARK [3][-]{section*.5}{\376\377\000D\000a\000t\000o\000s\000\040\000f\000r\000a\000c\000c\000i\000o\000n\000a\000r\000i\000o\000s}{section*.2}% 5
\BOOKMARK [2][-]{section*.6}{\376\377\000R\000a\000n\000g\000o\000\040\000d\000e\000\040\000r\000e\000p\000r\000e\000s\000e\000n\000t\000a\000c\000i\000\363\000n}{section*.1}% 6
\BOOKMARK [2][-]{section*.7}{\376\377\000R\000e\000p\000r\000e\000s\000e\000n\000t\000a\000c\000i\000\363\000n\000\040\000s\000i\000n\000\040\000s\000i\000g\000n\000o\000\040\000S\000S\000\050\000k\000\051}{section*.1}% 7
\BOOKMARK [3][-]{section*.8}{\376\377\000R\000a\000n\000g\000o\000\040\000d\000e\000\040\000r\000e\000p\000r\000e\000s\000e\000n\000t\000a\000c\000i\000\363\000n\000\040\000d\000e\000\040\000S\000S\000\050\000k\000\051}{section*.7}% 8
\BOOKMARK [2][-]{section*.9}{\376\377\000R\000e\000p\000r\000e\000s\000e\000n\000t\000a\000c\000i\000\363\000n\000\040\000c\000o\000n\000\040\000s\000i\000g\000n\000o}{section*.1}% 9
\BOOKMARK [2][-]{section*.10}{\376\377\000S\000i\000s\000t\000e\000m\000a\000\040\000d\000e\000\040\000S\000i\000g\000n\000o\000-\000m\000a\000g\000n\000i\000t\000u\000d\000\040\000S\000M\000\050\000k\000\051}{section*.1}% 10
\BOOKMARK [3][-]{section*.11}{\376\377\000R\000a\000n\000g\000o\000\040\000d\000e\000\040\000r\000e\000p\000r\000e\000s\000e\000n\000t\000a\000c\000i\000\363\000n\000\040\000d\000e\000\040\000S\000M\000\050\000k\000\051}{section*.10}% 11
\BOOKMARK [3][-]{section*.12}{\376\377\000L\000i\000m\000i\000t\000a\000c\000i\000o\000n\000e\000s\000\040\000d\000e\000\040\000S\000i\000g\000n\000o\000-\000M\000a\000g\000n\000i\000t\000u\000d}{section*.10}% 12
\BOOKMARK [2][-]{section*.13}{\376\377\000S\000i\000s\000t\000e\000m\000a\000\040\000d\000e\000\040\000C\000o\000m\000p\000l\000e\000m\000e\000n\000t\000o\000\040\000a\000\040\0002}{section*.1}% 13
\BOOKMARK [3][-]{section*.14}{\376\377\000O\000p\000e\000r\000a\000c\000i\000\363\000n\000\040\000d\000e\000\040\000C\000o\000m\000p\000l\000e\000m\000e\000n\000t\000o\000\040\000a\000\040\0002}{section*.13}% 14
\BOOKMARK [3][-]{section*.15}{\376\377\000R\000e\000p\000r\000e\000s\000e\000n\000t\000a\000c\000i\000\363\000n\000\040\000e\000n\000\040\000C\000o\000m\000p\000l\000e\000m\000e\000n\000t\000o\000\040\000a\000\040\0002}{section*.13}% 15
\BOOKMARK [3][-]{section*.16}{\376\377\000C\000o\000n\000v\000e\000r\000s\000i\000\363\000n\000\040\000d\000e\000\040\000C\0002\000\040\000a\000\040\000b\000a\000s\000e\000\040\0001\0000}{section*.13}% 16
\BOOKMARK [3][-]{section*.17}{\376\377\000R\000R\000\040\000d\000e\000\040\000C\0002\000\040\000c\000o\000n\000\040\000k\000\040\000b\000i\000t\000s}{section*.13}% 17
\BOOKMARK [3][-]{section*.18}{\376\377\000C\000o\000m\000p\000a\000r\000a\000n\000d\000o\000\040\000r\000a\000n\000g\000o\000s\000\040\000d\000e\000\040\000r\000e\000p\000r\000e\000s\000e\000n\000t\000a\000c\000i\000\363\000n}{section*.13}% 18
\BOOKMARK [3][-]{section*.19}{\376\377\000A\000r\000i\000t\000m\000\351\000t\000i\000c\000a\000\040\000e\000n\000\040\000C\0002}{section*.13}% 19
\BOOKMARK [3][-]{section*.20}{\376\377\000O\000v\000e\000r\000f\000l\000o\000w\000\040\000o\000\040\000d\000e\000s\000b\000o\000r\000d\000a\000m\000i\000e\000n\000t\000o\000\040\000e\000n\000\040\000C\0002}{section*.13}% 20
\BOOKMARK [3][-]{section*.21}{\376\377\000E\000x\000t\000e\000n\000s\000i\000\363\000n\000\040\000d\000e\000\040\000s\000i\000g\000n\000o\000\040\000e\000n\000\040\000C\0002}{section*.13}% 21
\BOOKMARK [2][-]{section*.22}{\376\377\000N\000o\000t\000a\000c\000i\000\363\000n\000\040\000e\000n\000\040\000e\000x\000c\000e\000s\000o\000\040\000o\000\040\000b\000i\000a\000s}{section*.1}% 22
\BOOKMARK [3][-]{section*.23}{\376\377\000C\000o\000n\000v\000e\000r\000s\000i\000\363\000n\000\040\000e\000n\000t\000r\000e\000\040\000e\000x\000c\000e\000s\000o\000\040\000y\000\040\000d\000e\000c\000i\000m\000a\000l}{section*.22}% 23
\BOOKMARK [2][-]{section*.24}{\376\377\000R\000e\000p\000r\000e\000s\000e\000n\000t\000a\000c\000i\000\363\000n\000\040\000d\000e\000\040\000f\000r\000a\000c\000c\000i\000o\000n\000a\000r\000i\000o\000s}{section*.1}% 24
\BOOKMARK [3][-]{section*.25}{\376\377\000R\000a\000c\000i\000o\000n\000a\000l\000e\000s}{section*.24}% 25
\BOOKMARK [3][-]{section*.26}{\376\377\000A\000p\000r\000o\000x\000i\000m\000a\000c\000i\000\363\000n\000\040\000r\000a\000c\000i\000o\000n\000a\000l\000\040\000a\000\040\000l\000o\000s\000\040\000i\000r\000r\000a\000c\000i\000o\000n\000a\000l\000e\000s}{section*.24}% 26
\BOOKMARK [3][-]{section*.27}{\376\377\000C\000o\000m\000a\000\040\000o\000\040\000p\000u\000n\000t\000o\000\040\000d\000e\000c\000i\000m\000a\000l}{section*.24}% 27
\BOOKMARK [3][-]{section*.28}{\376\377\000F\000r\000a\000c\000c\000i\000o\000n\000a\000r\000i\000o\000\040\000e\000n\000\040\000b\000a\000s\000e\000\040\0002\000\040\000a\000\040\000d\000e\000c\000i\000m\000a\000l}{section*.24}% 28
\BOOKMARK [3][-]{section*.29}{\376\377\000D\000e\000c\000i\000m\000a\000l\000\040\000f\000r\000a\000c\000c\000i\000o\000n\000a\000r\000i\000o\000\040\000a\000\040\000b\000a\000s\000e\000\040\0002}{section*.24}% 29
\BOOKMARK [2][-]{section*.30}{\376\377\000R\000e\000p\000r\000e\000s\000e\000n\000t\000a\000c\000i\000\363\000n\000\040\000d\000e\000\040\000p\000u\000n\000t\000o\000\040\000f\000i\000j\000o}{section*.1}% 30
\BOOKMARK [3][-]{section*.31}{\376\377\000D\000e\000c\000i\000m\000a\000l\000\040\000a\000\040\000P\000F\000\050\000n\000,\000k\000\051}{section*.30}% 31
\BOOKMARK [3][-]{section*.32}{\376\377\000T\000r\000u\000n\000c\000a\000m\000i\000e\000n\000t\000o}{section*.30}% 32
\BOOKMARK [3][-]{section*.33}{\376\377\000P\000F\000\050\000n\000,\000k\000\051\000\040\000a\000\040\000d\000e\000c\000i\000m\000a\000l}{section*.30}% 33
\BOOKMARK [3][-]{section*.34}{\376\377\000P\000r\000e\000g\000u\000n\000t\000a\000s}{section*.30}% 34
\BOOKMARK [3][-]{section*.35}{\376\377\000N\000o\000t\000a\000c\000i\000\363\000n\000\040\000C\000i\000e\000n\000t\000\355\000f\000i\000c\000a}{section*.30}% 35
\BOOKMARK [3][-]{section*.36}{\376\377\000N\000o\000r\000m\000a\000l\000i\000z\000a\000c\000i\000\363\000n}{section*.30}% 36
\BOOKMARK [3][-]{section*.37}{\376\377\000N\000o\000r\000m\000a\000l\000i\000z\000a\000c\000i\000\363\000n\000\040\000e\000n\000\040\000b\000a\000s\000e\000\040\0002}{section*.30}% 37
\BOOKMARK [2][-]{section*.38}{\376\377\000R\000e\000p\000r\000e\000s\000e\000n\000t\000a\000c\000i\000\363\000n\000\040\000e\000n\000\040\000P\000u\000n\000t\000o\000\040\000F\000l\000o\000t\000a\000n\000t\000e}{section*.1}% 38
\BOOKMARK [3][-]{section*.39}{\376\377\000C\000o\000n\000v\000e\000r\000s\000i\000\363\000n\000\040\000d\000e\000\040\000d\000e\000c\000i\000m\000a\000l\000\040\000a\000\040\000p\000u\000n\000t\000o\000\040\000f\000l\000o\000t\000a\000n\000t\000e}{section*.38}% 39
\BOOKMARK [3][-]{section*.40}{\376\377\000E\000j\000e\000m\000p\000l\000o\000\040\000d\000e\000\040\000P\000u\000n\000t\000o\000\040\000F\000l\000o\000t\000a\000n\000t\000e}{section*.38}% 40
\BOOKMARK [3][-]{section*.41}{\376\377\000E\000x\000p\000r\000e\000s\000i\000\363\000n\000\040\000d\000e\000\040\000p\000u\000n\000t\000o\000\040\000f\000l\000o\000t\000a\000n\000t\000e\000\040\000e\000n\000\040\000h\000e\000x\000a\000d\000e\000c\000i\000m\000a\000l}{section*.38}% 41
\BOOKMARK [3][-]{section*.42}{\376\377\000C\000o\000n\000v\000e\000r\000s\000i\000\363\000n\000\040\000d\000e\000\040\000p\000u\000n\000t\000o\000\040\000f\000l\000o\000t\000a\000n\000t\000e\000\040\000a\000\040\000d\000e\000c\000i\000m\000a\000l}{section*.38}% 42
\BOOKMARK [3][-]{section*.43}{\376\377\000E\000r\000r\000o\000r\000\040\000d\000e\000\040\000t\000r\000u\000n\000c\000a\000m\000i\000e\000n\000t\000o}{section*.38}% 43
\BOOKMARK [3][-]{section*.44}{\376\377\000C\000a\000s\000o\000s\000\040\000e\000s\000p\000e\000c\000i\000a\000l\000e\000s\000\040\000e\000n\000\040\000p\000u\000n\000t\000o\000\040\000f\000l\000o\000t\000a\000n\000t\000e}{section*.38}% 44
